2023-03-23 09:31:50,053 - opytimizer.spaces.grid — INFO — Overriding class: Space -> GridSpace.
2023-03-23 09:32:10,625 - opytimizer.spaces.grid — INFO — Class overrided.
2023-03-23 09:33:25,498 - opytimizer.spaces.grid — INFO — Overriding class: Space -> GridSpace.
2023-03-23 09:33:46,771 - opytimizer.core.space — DEBUG — Agents: 1849600 | Size: (12, 1) | Lower Bound: [0.  0.  0.  0.  0.2 0.  0.  0.  0.  0.2 0.  0. ] | Upper Bound: [16.  1.  0.  1.  1. 16.  1.  0.  1.  1.  3.  3.] | Mapping: ['x0', 'x1', 'x2', 'x3', 'x4', 'x5', 'x6', 'x7', 'x8', 'x9', 'x10', 'x11'] | Built: True.
2023-03-23 09:33:46,777 - opytimizer.spaces.grid — INFO — Class overrided.
2023-03-23 09:33:46,777 - opytimizer.optimizers.swarm.pso — INFO — Overriding class: Optimizer -> PSO.
2023-03-23 09:33:46,778 - opytimizer.core.optimizer — DEBUG — Algorithm: PSO | Custom Parameters: None | Built: True.
2023-03-23 09:33:46,779 - opytimizer.optimizers.swarm.pso — INFO — Class overrided.
2023-03-23 09:33:46,779 - opytimizer.core.function — INFO — Creating class: Function.
2023-03-23 09:33:46,780 - opytimizer.core.function — DEBUG — Function: cost | Built: True.
2023-03-23 09:33:46,780 - opytimizer.core.function — INFO — Class created.
2023-03-23 09:33:46,780 - opytimizer.opytimizer — INFO — Creating class: Opytimizer.
2023-03-23 09:33:46,781 - opytimizer.opytimizer — DEBUG — Space: <opytimizer.spaces.grid.GridSpace object at 0x00000167E4163C40> | Optimizer: <opytimizer.optimizers.swarm.pso.PSO object at 0x00000167E4163B50>| Function: <opytimizer.core.function.Function object at 0x00000167E4163C10>.
2023-03-23 09:33:46,781 - opytimizer.opytimizer — INFO — Class created.
2023-03-23 09:33:46,781 - opytimizer.opytimizer — INFO — Starting optimization task.
2023-03-23 09:38:23,727 - opytimizer.spaces.grid — INFO — Overriding class: Space -> GridSpace.
2023-03-23 09:38:44,702 - opytimizer.core.space — DEBUG — Agents: 1849600 | Size: (12, 1) | Lower Bound: [0.  0.  0.  0.  0.2 0.  0.  0.  0.  0.2 0.  0. ] | Upper Bound: [16.  1.  0.  1.  1. 16.  1.  0.  1.  1.  3.  3.] | Mapping: ['x0', 'x1', 'x2', 'x3', 'x4', 'x5', 'x6', 'x7', 'x8', 'x9', 'x10', 'x11'] | Built: True.
2023-03-23 09:38:44,704 - opytimizer.spaces.grid — INFO — Class overrided.
2023-03-23 09:38:44,704 - opytimizer.optimizers.swarm.pso — INFO — Overriding class: Optimizer -> PSO.
2023-03-23 09:38:44,705 - opytimizer.core.optimizer — DEBUG — Algorithm: PSO | Custom Parameters: None | Built: True.
2023-03-23 09:38:44,706 - opytimizer.optimizers.swarm.pso — INFO — Class overrided.
2023-03-23 09:38:44,706 - opytimizer.core.function — INFO — Creating class: Function.
2023-03-23 09:38:44,707 - opytimizer.core.function — DEBUG — Function: cost | Built: True.
2023-03-23 09:38:44,707 - opytimizer.core.function — INFO — Class created.
2023-03-23 09:38:44,707 - opytimizer.opytimizer — INFO — Creating class: Opytimizer.
2023-03-23 09:38:44,708 - opytimizer.opytimizer — DEBUG — Space: <opytimizer.spaces.grid.GridSpace object at 0x0000025CA85A1430> | Optimizer: <opytimizer.optimizers.swarm.pso.PSO object at 0x0000025CA85A10D0>| Function: <opytimizer.core.function.Function object at 0x0000025CA85A1670>.
2023-03-23 09:38:44,708 - opytimizer.opytimizer — INFO — Class created.
2023-03-23 09:38:44,708 - opytimizer.opytimizer — INFO — Starting optimization task.
2023-03-23 09:40:23,490 - opytimizer.spaces.search — INFO — Overriding class: Space -> SearchSpace.
2023-03-23 09:40:23,491 - opytimizer.core.space — DEBUG — Agents: 20 | Size: (2, 1) | Lower Bound: [-10 -10] | Upper Bound: [10 10] | Mapping: ['x0', 'x1'] | Built: True.
2023-03-23 09:40:23,492 - opytimizer.spaces.search — INFO — Class overrided.
2023-03-23 09:40:23,493 - opytimizer.optimizers.swarm.pso — INFO — Overriding class: Optimizer -> PSO.
2023-03-23 09:40:23,493 - opytimizer.core.optimizer — DEBUG — Algorithm: PSO | Custom Parameters: None | Built: True.
2023-03-23 09:40:23,494 - opytimizer.optimizers.swarm.pso — INFO — Class overrided.
2023-03-23 09:40:23,494 - opytimizer.core.function — INFO — Creating class: Function.
2023-03-23 09:40:23,495 - opytimizer.core.function — DEBUG — Function: sphere | Built: True.
2023-03-23 09:40:23,495 - opytimizer.core.function — INFO — Class created.
2023-03-23 09:40:23,496 - opytimizer.opytimizer — INFO — Creating class: Opytimizer.
2023-03-23 09:40:23,496 - opytimizer.opytimizer — DEBUG — Space: <opytimizer.spaces.search.SearchSpace object at 0x0000024992385970> | Optimizer: <opytimizer.optimizers.swarm.pso.PSO object at 0x0000024992385CD0>| Function: <opytimizer.core.function.Function object at 0x0000024992385DC0>.
2023-03-23 09:40:23,496 - opytimizer.opytimizer — INFO — Class created.
2023-03-23 09:40:23,497 - opytimizer.opytimizer — INFO — Starting optimization task.
2023-03-23 09:40:23,502 - opytimizer.opytimizer — INFO — Iteration 1/2
2023-03-23 09:40:23,503 - opytimizer.opytimizer — INFO — Fitness: 2.9796816329958724
2023-03-23 09:40:23,503 - opytimizer.opytimizer — INFO — Position: [[1.61479425]
 [0.61001734]]
2023-03-23 09:40:23,504 - opytimizer.opytimizer — INFO — Iteration 2/2
2023-03-23 09:40:23,506 - opytimizer.opytimizer — INFO — Fitness: 0.6632528422487132
2023-03-23 09:40:23,506 - opytimizer.opytimizer — INFO — Position: [[ 0.81355911]
 [-0.03707323]]
2023-03-23 09:40:23,506 - opytimizer.opytimizer — INFO — Optimization task ended.
2023-03-23 09:40:23,506 - opytimizer.opytimizer — INFO — It took 0.008546590805053711 seconds.
2023-03-23 09:41:17,892 - opytimizer.spaces.search — INFO — Overriding class: Space -> SearchSpace.
2023-03-23 09:41:17,893 - opytimizer.core.space — DEBUG — Agents: 20 | Size: (2, 1) | Lower Bound: [-10 -10] | Upper Bound: [10 10] | Mapping: ['x0', 'x1'] | Built: True.
2023-03-23 09:41:17,894 - opytimizer.spaces.search — INFO — Class overrided.
2023-03-23 09:41:17,894 - opytimizer.optimizers.swarm.pso — INFO — Overriding class: Optimizer -> PSO.
2023-03-23 09:41:17,895 - opytimizer.core.optimizer — DEBUG — Algorithm: PSO | Custom Parameters: None | Built: True.
2023-03-23 09:41:17,895 - opytimizer.optimizers.swarm.pso — INFO — Class overrided.
2023-03-23 09:41:17,896 - opytimizer.core.function — INFO — Creating class: Function.
2023-03-23 09:41:17,896 - opytimizer.core.function — DEBUG — Function: sphere | Built: True.
2023-03-23 09:41:17,896 - opytimizer.core.function — INFO — Class created.
2023-03-23 09:41:17,896 - opytimizer.opytimizer — INFO — Creating class: Opytimizer.
2023-03-23 09:41:17,897 - opytimizer.opytimizer — DEBUG — Space: <opytimizer.spaces.search.SearchSpace object at 0x0000013E34C4C3A0> | Optimizer: <opytimizer.optimizers.swarm.pso.PSO object at 0x0000013E34C4C3D0>| Function: <opytimizer.core.function.Function object at 0x0000013E33D8EDF0>.
2023-03-23 09:41:17,897 - opytimizer.opytimizer — INFO — Class created.
2023-03-23 09:41:17,898 - opytimizer.opytimizer — INFO — Starting optimization task.
2023-03-23 09:44:07,135 - opytimizer.spaces.search — INFO — Overriding class: Space -> SearchSpace.
2023-03-23 09:44:07,136 - opytimizer.core.space — DEBUG — Agents: 20 | Size: (2, 1) | Lower Bound: [-10 -10] | Upper Bound: [10 10] | Mapping: ['x0', 'x1'] | Built: True.
2023-03-23 09:44:07,137 - opytimizer.spaces.search — INFO — Class overrided.
2023-03-23 09:44:07,137 - opytimizer.optimizers.swarm.pso — INFO — Overriding class: Optimizer -> PSO.
2023-03-23 09:44:07,138 - opytimizer.core.optimizer — DEBUG — Algorithm: PSO | Custom Parameters: None | Built: True.
2023-03-23 09:44:07,138 - opytimizer.optimizers.swarm.pso — INFO — Class overrided.
2023-03-23 09:44:07,138 - opytimizer.core.function — INFO — Creating class: Function.
2023-03-23 09:44:07,139 - opytimizer.core.function — DEBUG — Function: sphere | Built: True.
2023-03-23 09:44:07,139 - opytimizer.core.function — INFO — Class created.
2023-03-23 09:44:07,139 - opytimizer.opytimizer — INFO — Creating class: Opytimizer.
2023-03-23 09:44:07,140 - opytimizer.opytimizer — DEBUG — Space: <opytimizer.spaces.search.SearchSpace object at 0x000001BBEAF0A610> | Optimizer: <opytimizer.optimizers.swarm.pso.PSO object at 0x000001BBEAF0A100>| Function: <opytimizer.core.function.Function object at 0x000001BBEAF0AFA0>.
2023-03-23 09:44:07,140 - opytimizer.opytimizer — INFO — Class created.
2023-03-23 09:44:07,140 - opytimizer.opytimizer — INFO — Starting optimization task.
2023-03-23 09:44:07,146 - opytimizer.opytimizer — INFO — Iteration 1/2
2023-03-23 09:44:07,148 - opytimizer.opytimizer — INFO — Fitness: 2.2835111215919093
2023-03-23 09:44:07,148 - opytimizer.opytimizer — INFO — Position: [[-0.77099782]
 [ 1.2996436 ]]
2023-03-23 09:44:07,148 - opytimizer.opytimizer — INFO — Iteration 2/2
2023-03-23 09:44:07,149 - opytimizer.opytimizer — INFO — Fitness: 1.5066216705503712
2023-03-23 09:44:07,150 - opytimizer.opytimizer — INFO — Position: [[-0.9165713 ]
 [ 0.81640598]]
2023-03-23 09:44:07,150 - opytimizer.opytimizer — INFO — Optimization task ended.
2023-03-23 09:44:07,150 - opytimizer.opytimizer — INFO — It took 0.009999275207519531 seconds.
2023-03-23 09:45:58,160 - opytimizer.spaces.grid — INFO — Overriding class: Space -> GridSpace.
2023-03-23 09:46:18,370 - opytimizer.core.space — DEBUG — Agents: 1849600 | Size: (12, 1) | Lower Bound: [0.  0.  0.  0.  0.2 0.  0.  0.  0.  0.2 0.  0. ] | Upper Bound: [16.  1.  0.  1.  1. 16.  1.  0.  1.  1.  3.  3.] | Mapping: ['x0', 'x1', 'x2', 'x3', 'x4', 'x5', 'x6', 'x7', 'x8', 'x9', 'x10', 'x11'] | Built: True.
2023-03-23 09:46:18,373 - opytimizer.spaces.grid — INFO — Class overrided.
2023-03-23 09:46:18,373 - opytimizer.optimizers.swarm.pso — INFO — Overriding class: Optimizer -> PSO.
2023-03-23 09:46:18,374 - opytimizer.core.optimizer — DEBUG — Algorithm: PSO | Custom Parameters: None | Built: True.
2023-03-23 09:46:18,375 - opytimizer.optimizers.swarm.pso — INFO — Class overrided.
2023-03-23 09:46:18,375 - opytimizer.core.function — INFO — Creating class: Function.
2023-03-23 09:46:18,376 - opytimizer.core.function — DEBUG — Function: cost | Built: True.
2023-03-23 09:46:18,376 - opytimizer.core.function — INFO — Class created.
2023-03-23 09:46:18,376 - opytimizer.opytimizer — INFO — Creating class: Opytimizer.
2023-03-23 09:46:18,377 - opytimizer.opytimizer — DEBUG — Space: <opytimizer.spaces.grid.GridSpace object at 0x000001AC148B4D90> | Optimizer: <opytimizer.optimizers.swarm.pso.PSO object at 0x000001AC148B4F40>| Function: <opytimizer.core.function.Function object at 0x000001AC148B4E80>.
2023-03-23 09:46:18,377 - opytimizer.opytimizer — INFO — Class created.
2023-03-23 09:46:18,377 - opytimizer.opytimizer — INFO — Starting optimization task.
2023-03-23 09:49:48,497 - opytimizer.spaces.grid — INFO — Overriding class: Space -> GridSpace.
2023-03-23 09:49:48,551 - opytimizer.core.space — DEBUG — Agents: 5440 | Size: (7, 1) | Lower Bound: [0.  0.  0.  0.  0.2 0.  0. ] | Upper Bound: [16.  1.  0.  1.  1.  3.  3.] | Mapping: ['x0', 'x1', 'x2', 'x3', 'x4', 'x5', 'x6'] | Built: True.
2023-03-23 09:49:48,553 - opytimizer.spaces.grid — INFO — Class overrided.
2023-03-23 09:49:48,553 - opytimizer.optimizers.swarm.pso — INFO — Overriding class: Optimizer -> PSO.
2023-03-23 09:49:48,554 - opytimizer.core.optimizer — DEBUG — Algorithm: PSO | Custom Parameters: None | Built: True.
2023-03-23 09:49:48,555 - opytimizer.optimizers.swarm.pso — INFO — Class overrided.
2023-03-23 09:49:48,555 - opytimizer.core.function — INFO — Creating class: Function.
2023-03-23 09:49:48,556 - opytimizer.core.function — DEBUG — Function: cost | Built: True.
2023-03-23 09:49:48,556 - opytimizer.core.function — INFO — Class created.
2023-03-23 09:49:48,556 - opytimizer.opytimizer — INFO — Creating class: Opytimizer.
2023-03-23 09:49:48,557 - opytimizer.opytimizer — DEBUG — Space: <opytimizer.spaces.grid.GridSpace object at 0x0000017069F719A0> | Optimizer: <opytimizer.optimizers.swarm.pso.PSO object at 0x0000017069F717C0>| Function: <opytimizer.core.function.Function object at 0x0000017069F71C40>.
2023-03-23 09:49:48,557 - opytimizer.opytimizer — INFO — Class created.
2023-03-23 09:49:48,557 - opytimizer.opytimizer — INFO — Starting optimization task.
2023-03-23 09:51:05,456 - opytimizer.opytimizer — INFO — Iteration 1/1
2023-03-23 09:52:35,659 - opytimizer.opytimizer — INFO — Fitness: -0.9999999992551618
2023-03-23 09:52:35,659 - opytimizer.opytimizer — INFO — Position: [[1.49994]
 [0.49994]
 [0.     ]
 [0.     ]
 [0.49999]
 [0.99987]
 [0.99987]]
2023-03-23 09:52:35,660 - opytimizer.opytimizer — INFO — Optimization task ended.
2023-03-23 09:52:35,660 - opytimizer.opytimizer — INFO — It took 167.10296440124512 seconds.
2023-03-23 10:00:46,860 - opytimizer.spaces.grid — INFO — Overriding class: Space -> GridSpace.
2023-03-23 10:00:46,912 - opytimizer.core.space — DEBUG — Agents: 5440 | Size: (7, 1) | Lower Bound: [0.  0.  0.  0.  0.2 0.  0. ] | Upper Bound: [16.  1.  0.  1.  1.  3.  3.] | Mapping: ['x0', 'x1', 'x2', 'x3', 'x4', 'x5', 'x6'] | Built: True.
2023-03-23 10:00:46,914 - opytimizer.spaces.grid — INFO — Class overrided.
2023-03-23 10:00:46,914 - opytimizer.optimizers.swarm.pso — INFO — Overriding class: Optimizer -> PSO.
2023-03-23 10:00:46,915 - opytimizer.core.optimizer — DEBUG — Algorithm: PSO | Custom Parameters: None | Built: True.
2023-03-23 10:00:46,916 - opytimizer.optimizers.swarm.pso — INFO — Class overrided.
2023-03-23 10:00:46,916 - opytimizer.core.function — INFO — Creating class: Function.
2023-03-23 10:00:46,917 - opytimizer.core.function — DEBUG — Function: cost | Built: True.
2023-03-23 10:00:46,917 - opytimizer.core.function — INFO — Class created.
2023-03-23 10:00:46,917 - opytimizer.opytimizer — INFO — Creating class: Opytimizer.
2023-03-23 10:00:46,918 - opytimizer.opytimizer — DEBUG — Space: <opytimizer.spaces.grid.GridSpace object at 0x000002ED3A2014C0> | Optimizer: <opytimizer.optimizers.swarm.pso.PSO object at 0x000002ED3A2011C0>| Function: <opytimizer.core.function.Function object at 0x000002ED3A201190>.
2023-03-23 10:00:46,918 - opytimizer.opytimizer — INFO — Class created.
2023-03-23 10:00:46,918 - opytimizer.opytimizer — INFO — Starting optimization task.
2023-03-23 10:02:04,362 - opytimizer.spaces.grid — INFO — Overriding class: Space -> GridSpace.
2023-03-23 10:02:04,408 - opytimizer.core.space — DEBUG — Agents: 5120 | Size: (7, 1) | Lower Bound: [0.  0.  0.  0.  0.2 0.  0. ] | Upper Bound: [15.  1.  0.  1.  1.  3.  3.] | Mapping: ['x0', 'x1', 'x2', 'x3', 'x4', 'x5', 'x6'] | Built: True.
2023-03-23 10:02:04,411 - opytimizer.spaces.grid — INFO — Class overrided.
2023-03-23 10:02:04,411 - opytimizer.optimizers.swarm.pso — INFO — Overriding class: Optimizer -> PSO.
2023-03-23 10:02:04,412 - opytimizer.core.optimizer — DEBUG — Algorithm: PSO | Custom Parameters: None | Built: True.
2023-03-23 10:02:04,413 - opytimizer.optimizers.swarm.pso — INFO — Class overrided.
2023-03-23 10:02:04,413 - opytimizer.core.function — INFO — Creating class: Function.
2023-03-23 10:02:04,414 - opytimizer.core.function — DEBUG — Function: cost | Built: True.
2023-03-23 10:02:04,414 - opytimizer.core.function — INFO — Class created.
2023-03-23 10:02:04,414 - opytimizer.opytimizer — INFO — Creating class: Opytimizer.
2023-03-23 10:02:04,415 - opytimizer.opytimizer — DEBUG — Space: <opytimizer.spaces.grid.GridSpace object at 0x0000024960F02160> | Optimizer: <opytimizer.optimizers.swarm.pso.PSO object at 0x0000024960F020A0>| Function: <opytimizer.core.function.Function object at 0x0000024960F02460>.
2023-03-23 10:02:04,415 - opytimizer.opytimizer — INFO — Class created.
2023-03-23 10:02:04,415 - opytimizer.opytimizer — INFO — Starting optimization task.
2023-03-23 10:03:21,071 - opytimizer.spaces.grid — INFO — Overriding class: Space -> GridSpace.
2023-03-23 10:03:21,121 - opytimizer.core.space — DEBUG — Agents: 5120 | Size: (7, 1) | Lower Bound: [0.  0.  0.  0.  0.2 0.  0. ] | Upper Bound: [15.  1.  0.  1.  1.  3.  3.] | Mapping: ['x0', 'x1', 'x2', 'x3', 'x4', 'x5', 'x6'] | Built: True.
2023-03-23 10:03:21,124 - opytimizer.spaces.grid — INFO — Class overrided.
2023-03-23 10:03:21,124 - opytimizer.optimizers.swarm.pso — INFO — Overriding class: Optimizer -> PSO.
2023-03-23 10:03:21,125 - opytimizer.core.optimizer — DEBUG — Algorithm: PSO | Custom Parameters: None | Built: True.
2023-03-23 10:03:21,125 - opytimizer.optimizers.swarm.pso — INFO — Class overrided.
2023-03-23 10:03:21,126 - opytimizer.core.function — INFO — Creating class: Function.
2023-03-23 10:03:21,126 - opytimizer.core.function — DEBUG — Function: cost | Built: True.
2023-03-23 10:03:21,127 - opytimizer.core.function — INFO — Class created.
2023-03-23 10:03:21,127 - opytimizer.opytimizer — INFO — Creating class: Opytimizer.
2023-03-23 10:03:21,128 - opytimizer.opytimizer — DEBUG — Space: <opytimizer.spaces.grid.GridSpace object at 0x000002C1676ED160> | Optimizer: <opytimizer.optimizers.swarm.pso.PSO object at 0x000002C1676ED0A0>| Function: <opytimizer.core.function.Function object at 0x000002C1676ED460>.
2023-03-23 10:03:21,128 - opytimizer.opytimizer — INFO — Class created.
2023-03-23 10:03:21,128 - opytimizer.opytimizer — INFO — Starting optimization task.
2023-03-23 10:04:42,496 - opytimizer.opytimizer — INFO — Iteration 1/1
2023-03-23 10:05:52,372 - opytimizer.opytimizer — INFO — Fitness: -0.9999999992551618
2023-03-23 10:05:52,373 - opytimizer.opytimizer — INFO — Position: [[1.99987]
 [0.49994]
 [0.     ]
 [0.     ]
 [0.49999]
 [0.99987]
 [0.99987]]
2023-03-23 10:05:52,374 - opytimizer.opytimizer — INFO — Optimization task ended.
2023-03-23 10:05:52,374 - opytimizer.opytimizer — INFO — It took 151.24555468559265 seconds.
2023-03-23 10:14:19,060 - opytimizer.spaces.grid — INFO — Overriding class: Space -> GridSpace.
2023-03-23 10:14:19,127 - opytimizer.core.space — DEBUG — Agents: 5120 | Size: (7, 1) | Lower Bound: [0.  0.  0.  0.  0.2 0.  0. ] | Upper Bound: [15.  1.  0.  1.  1.  3.  3.] | Mapping: ['x0', 'x1', 'x2', 'x3', 'x4', 'x5', 'x6'] | Built: True.
2023-03-23 10:14:19,129 - opytimizer.spaces.grid — INFO — Class overrided.
2023-03-23 10:14:19,130 - opytimizer.optimizers.swarm.pso — INFO — Overriding class: Optimizer -> PSO.
2023-03-23 10:14:19,131 - opytimizer.core.optimizer — DEBUG — Algorithm: PSO | Custom Parameters: None | Built: True.
2023-03-23 10:14:19,132 - opytimizer.optimizers.swarm.pso — INFO — Class overrided.
2023-03-23 10:14:19,132 - opytimizer.core.function — INFO — Creating class: Function.
2023-03-23 10:14:19,133 - opytimizer.core.function — DEBUG — Function: cost | Built: True.
2023-03-23 10:14:19,133 - opytimizer.core.function — INFO — Class created.
2023-03-23 10:14:19,133 - opytimizer.opytimizer — INFO — Creating class: Opytimizer.
2023-03-23 10:14:19,135 - opytimizer.opytimizer — DEBUG — Space: <opytimizer.spaces.grid.GridSpace object at 0x000001FF5595FB20> | Optimizer: <opytimizer.optimizers.swarm.pso.PSO object at 0x000001FF5595F940>| Function: <opytimizer.core.function.Function object at 0x000001FF5595FDC0>.
2023-03-23 10:14:19,135 - opytimizer.opytimizer — INFO — Class created.
2023-03-23 10:14:19,135 - opytimizer.opytimizer — INFO — Starting optimization task.
2023-03-23 10:15:58,028 - opytimizer.opytimizer — INFO — Iteration 1/1
2023-03-23 10:17:24,546 - opytimizer.opytimizer — INFO — Fitness: -0.9999999992551618
2023-03-23 10:17:24,547 - opytimizer.opytimizer — INFO — Position: [[1.99987]
 [0.49994]
 [0.     ]
 [0.     ]
 [0.49999]
 [0.99987]
 [0.99987]]
2023-03-23 10:17:24,547 - opytimizer.opytimizer — INFO — Optimization task ended.
2023-03-23 10:17:24,548 - opytimizer.opytimizer — INFO — It took 185.41155648231506 seconds.
2023-03-23 10:20:59,673 - opytimizer.spaces.grid — INFO — Overriding class: Space -> GridSpace.
2023-03-23 10:20:59,719 - opytimizer.core.space — DEBUG — Agents: 5120 | Size: (7, 1) | Lower Bound: [0.  0.  0.  0.  0.2 0.  0. ] | Upper Bound: [15.  1.  0.  1.  1.  3.  3.] | Mapping: ['x0', 'x1', 'x2', 'x3', 'x4', 'x5', 'x6'] | Built: True.
2023-03-23 10:20:59,721 - opytimizer.spaces.grid — INFO — Class overrided.
2023-03-23 10:20:59,721 - opytimizer.optimizers.swarm.pso — INFO — Overriding class: Optimizer -> PSO.
2023-03-23 10:20:59,722 - opytimizer.core.optimizer — DEBUG — Algorithm: PSO | Custom Parameters: None | Built: True.
2023-03-23 10:20:59,723 - opytimizer.optimizers.swarm.pso — INFO — Class overrided.
2023-03-23 10:20:59,723 - opytimizer.core.function — INFO — Creating class: Function.
2023-03-23 10:20:59,724 - opytimizer.core.function — DEBUG — Function: cost | Built: True.
2023-03-23 10:20:59,724 - opytimizer.core.function — INFO — Class created.
2023-03-23 10:20:59,724 - opytimizer.opytimizer — INFO — Creating class: Opytimizer.
2023-03-23 10:20:59,725 - opytimizer.opytimizer — DEBUG — Space: <opytimizer.spaces.grid.GridSpace object at 0x0000022EA566FBE0> | Optimizer: <opytimizer.optimizers.swarm.pso.PSO object at 0x0000022EA566FA00>| Function: <opytimizer.core.function.Function object at 0x0000022EA566FE80>.
2023-03-23 10:20:59,725 - opytimizer.opytimizer — INFO — Class created.
2023-03-23 10:20:59,725 - opytimizer.opytimizer — INFO — Starting optimization task.
2023-03-23 10:22:33,972 - opytimizer.opytimizer — INFO — Iteration 1/1
2023-03-23 10:23:39,300 - opytimizer.opytimizer — INFO — Fitness: -0.9999999992551618
2023-03-23 10:23:39,300 - opytimizer.opytimizer — INFO — Position: [[1.99987]
 [0.49994]
 [0.     ]
 [0.     ]
 [0.49999]
 [0.99987]
 [0.99987]]
2023-03-23 10:23:39,300 - opytimizer.opytimizer — INFO — Optimization task ended.
2023-03-23 10:23:39,301 - opytimizer.opytimizer — INFO — It took 159.5745143890381 seconds.
2023-03-23 10:35:54,490 - opytimizer.spaces.grid — INFO — Overriding class: Space -> GridSpace.
2023-03-23 10:35:54,536 - opytimizer.core.space — DEBUG — Agents: 5120 | Size: (7, 1) | Lower Bound: [0.  0.  0.  0.  0.2 0.  0. ] | Upper Bound: [15.  1.  0.  1.  1.  3.  3.] | Mapping: ['x0', 'x1', 'x2', 'x3', 'x4', 'x5', 'x6'] | Built: True.
2023-03-23 10:35:54,538 - opytimizer.spaces.grid — INFO — Class overrided.
2023-03-23 10:35:54,538 - opytimizer.optimizers.swarm.pso — INFO — Overriding class: Optimizer -> PSO.
2023-03-23 10:35:54,540 - opytimizer.core.optimizer — DEBUG — Algorithm: PSO | Custom Parameters: None | Built: True.
2023-03-23 10:35:54,541 - opytimizer.optimizers.swarm.pso — INFO — Class overrided.
2023-03-23 10:35:54,541 - opytimizer.core.function — INFO — Creating class: Function.
2023-03-23 10:35:54,542 - opytimizer.core.function — DEBUG — Function: cost | Built: True.
2023-03-23 10:35:54,542 - opytimizer.core.function — INFO — Class created.
2023-03-23 10:35:54,542 - opytimizer.opytimizer — INFO — Creating class: Opytimizer.
2023-03-23 10:35:54,543 - opytimizer.opytimizer — DEBUG — Space: <opytimizer.spaces.grid.GridSpace object at 0x0000022D511C0C10> | Optimizer: <opytimizer.optimizers.swarm.pso.PSO object at 0x0000022D511C0A30>| Function: <opytimizer.core.function.Function object at 0x0000022D511C0EB0>.
2023-03-23 10:35:54,543 - opytimizer.opytimizer — INFO — Class created.
2023-03-23 10:35:54,543 - opytimizer.opytimizer — INFO — Starting optimization task.
2023-03-23 10:36:48,495 - opytimizer.spaces.grid — INFO — Overriding class: Space -> GridSpace.
2023-03-23 10:36:48,541 - opytimizer.core.space — DEBUG — Agents: 5120 | Size: (7, 1) | Lower Bound: [0.  0.  0.  0.  0.2 0.  0. ] | Upper Bound: [15.  1.  0.  1.  1.  3.  3.] | Mapping: ['x0', 'x1', 'x2', 'x3', 'x4', 'x5', 'x6'] | Built: True.
2023-03-23 10:36:48,543 - opytimizer.spaces.grid — INFO — Class overrided.
2023-03-23 10:36:48,543 - opytimizer.optimizers.swarm.pso — INFO — Overriding class: Optimizer -> PSO.
2023-03-23 10:36:48,544 - opytimizer.core.optimizer — DEBUG — Algorithm: PSO | Custom Parameters: None | Built: True.
2023-03-23 10:36:48,545 - opytimizer.optimizers.swarm.pso — INFO — Class overrided.
2023-03-23 10:36:48,545 - opytimizer.core.function — INFO — Creating class: Function.
2023-03-23 10:36:48,546 - opytimizer.core.function — DEBUG — Function: cost | Built: True.
2023-03-23 10:36:48,546 - opytimizer.core.function — INFO — Class created.
2023-03-23 10:36:48,546 - opytimizer.opytimizer — INFO — Creating class: Opytimizer.
2023-03-23 10:36:48,547 - opytimizer.opytimizer — DEBUG — Space: <opytimizer.spaces.grid.GridSpace object at 0x000001FB0BA12160> | Optimizer: <opytimizer.optimizers.swarm.pso.PSO object at 0x000001FB0BA120A0>| Function: <opytimizer.core.function.Function object at 0x000001FB0BA12460>.
2023-03-23 10:36:48,547 - opytimizer.opytimizer — INFO — Class created.
2023-03-23 10:36:48,547 - opytimizer.opytimizer — INFO — Starting optimization task.
2023-03-23 10:37:30,115 - opytimizer.spaces.grid — INFO — Overriding class: Space -> GridSpace.
2023-03-23 10:37:30,162 - opytimizer.core.space — DEBUG — Agents: 5120 | Size: (7, 1) | Lower Bound: [0.  0.  0.  0.  0.2 0.  0. ] | Upper Bound: [15.  1.  0.  1.  1.  3.  3.] | Mapping: ['x0', 'x1', 'x2', 'x3', 'x4', 'x5', 'x6'] | Built: True.
2023-03-23 10:37:30,164 - opytimizer.spaces.grid — INFO — Class overrided.
2023-03-23 10:37:30,164 - opytimizer.optimizers.swarm.pso — INFO — Overriding class: Optimizer -> PSO.
2023-03-23 10:37:30,165 - opytimizer.core.optimizer — DEBUG — Algorithm: PSO | Custom Parameters: None | Built: True.
2023-03-23 10:37:30,166 - opytimizer.optimizers.swarm.pso — INFO — Class overrided.
2023-03-23 10:37:30,166 - opytimizer.core.function — INFO — Creating class: Function.
2023-03-23 10:37:30,167 - opytimizer.core.function — DEBUG — Function: cost | Built: True.
2023-03-23 10:37:30,167 - opytimizer.core.function — INFO — Class created.
2023-03-23 10:37:30,167 - opytimizer.opytimizer — INFO — Creating class: Opytimizer.
2023-03-23 10:37:30,168 - opytimizer.opytimizer — DEBUG — Space: <opytimizer.spaces.grid.GridSpace object at 0x000001B26289D100> | Optimizer: <opytimizer.optimizers.swarm.pso.PSO object at 0x000001B26289D070>| Function: <opytimizer.core.function.Function object at 0x000001B26289D460>.
2023-03-23 10:37:30,168 - opytimizer.opytimizer — INFO — Class created.
2023-03-23 10:37:30,168 - opytimizer.opytimizer — INFO — Starting optimization task.
2023-03-23 10:40:09,599 - opytimizer.spaces.grid — INFO — Overriding class: Space -> GridSpace.
2023-03-23 10:40:09,647 - opytimizer.core.space — DEBUG — Agents: 5120 | Size: (7, 1) | Lower Bound: [0.  0.  0.  0.  0.2 0.  0. ] | Upper Bound: [15.  1.  0.  1.  1.  3.  3.] | Mapping: ['x0', 'x1', 'x2', 'x3', 'x4', 'x5', 'x6'] | Built: True.
2023-03-23 10:40:09,649 - opytimizer.spaces.grid — INFO — Class overrided.
2023-03-23 10:40:09,650 - opytimizer.optimizers.swarm.pso — INFO — Overriding class: Optimizer -> PSO.
2023-03-23 10:40:09,651 - opytimizer.core.optimizer — DEBUG — Algorithm: PSO | Custom Parameters: None | Built: True.
2023-03-23 10:40:09,652 - opytimizer.optimizers.swarm.pso — INFO — Class overrided.
2023-03-23 10:40:09,652 - opytimizer.core.function — INFO — Creating class: Function.
2023-03-23 10:40:09,652 - opytimizer.core.function — DEBUG — Function: cost | Built: True.
2023-03-23 10:40:09,652 - opytimizer.core.function — INFO — Class created.
2023-03-23 10:40:09,652 - opytimizer.opytimizer — INFO — Creating class: Opytimizer.
2023-03-23 10:40:09,653 - opytimizer.opytimizer — DEBUG — Space: <opytimizer.spaces.grid.GridSpace object at 0x000002542C394160> | Optimizer: <opytimizer.optimizers.swarm.pso.PSO object at 0x000002542C3940A0>| Function: <opytimizer.core.function.Function object at 0x000002542C394460>.
2023-03-23 10:40:09,653 - opytimizer.opytimizer — INFO — Class created.
2023-03-23 10:40:09,653 - opytimizer.opytimizer — INFO — Starting optimization task.
2023-03-23 10:43:21,894 - opytimizer.spaces.grid — INFO — Overriding class: Space -> GridSpace.
2023-03-23 10:43:21,939 - opytimizer.core.space — DEBUG — Agents: 5120 | Size: (7, 1) | Lower Bound: [0.  0.  0.  0.  0.2 0.  0. ] | Upper Bound: [15.  1.  0.  1.  1.  3.  3.] | Mapping: ['x0', 'x1', 'x2', 'x3', 'x4', 'x5', 'x6'] | Built: True.
2023-03-23 10:43:21,941 - opytimizer.spaces.grid — INFO — Class overrided.
2023-03-23 10:43:21,941 - opytimizer.optimizers.swarm.pso — INFO — Overriding class: Optimizer -> PSO.
2023-03-23 10:43:21,942 - opytimizer.core.optimizer — DEBUG — Algorithm: PSO | Custom Parameters: None | Built: True.
2023-03-23 10:43:21,943 - opytimizer.optimizers.swarm.pso — INFO — Class overrided.
2023-03-23 10:43:21,943 - opytimizer.core.function — INFO — Creating class: Function.
2023-03-23 10:43:21,944 - opytimizer.core.function — DEBUG — Function: cost | Built: True.
2023-03-23 10:43:21,944 - opytimizer.core.function — INFO — Class created.
2023-03-23 10:43:21,944 - opytimizer.opytimizer — INFO — Creating class: Opytimizer.
2023-03-23 10:43:21,945 - opytimizer.opytimizer — DEBUG — Space: <opytimizer.spaces.grid.GridSpace object at 0x000002A2E529B160> | Optimizer: <opytimizer.optimizers.swarm.pso.PSO object at 0x000002A2E529B0A0>| Function: <opytimizer.core.function.Function object at 0x000002A2E529B460>.
2023-03-23 10:43:21,945 - opytimizer.opytimizer — INFO — Class created.
2023-03-23 10:43:21,945 - opytimizer.opytimizer — INFO — Starting optimization task.
2023-03-23 10:47:44,132 - opytimizer.spaces.grid — INFO — Overriding class: Space -> GridSpace.
2023-03-23 10:47:44,173 - opytimizer.core.space — DEBUG — Agents: 5120 | Size: (7, 1) | Lower Bound: [0.  0.  0.  0.  0.2 0.  0. ] | Upper Bound: [15.  1.  0.  1.  1.  3.  3.] | Mapping: ['x0', 'x1', 'x2', 'x3', 'x4', 'x5', 'x6'] | Built: True.
2023-03-23 10:47:44,175 - opytimizer.spaces.grid — INFO — Class overrided.
2023-03-23 10:47:44,175 - opytimizer.optimizers.swarm.pso — INFO — Overriding class: Optimizer -> PSO.
2023-03-23 10:47:44,176 - opytimizer.core.optimizer — DEBUG — Algorithm: PSO | Custom Parameters: None | Built: True.
2023-03-23 10:47:44,177 - opytimizer.optimizers.swarm.pso — INFO — Class overrided.
2023-03-23 10:47:44,177 - opytimizer.core.function — INFO — Creating class: Function.
2023-03-23 10:47:44,178 - opytimizer.core.function — DEBUG — Function: cost | Built: True.
2023-03-23 10:47:44,178 - opytimizer.core.function — INFO — Class created.
2023-03-23 10:47:44,178 - opytimizer.opytimizer — INFO — Creating class: Opytimizer.
2023-03-23 10:47:44,179 - opytimizer.opytimizer — DEBUG — Space: <opytimizer.spaces.grid.GridSpace object at 0x00000284A5BE6A90> | Optimizer: <opytimizer.optimizers.swarm.pso.PSO object at 0x00000284A5BE68B0>| Function: <opytimizer.core.function.Function object at 0x00000284A5BE6D30>.
2023-03-23 10:47:44,180 - opytimizer.opytimizer — INFO — Class created.
2023-03-23 10:47:44,180 - opytimizer.opytimizer — INFO — Starting optimization task.
2023-03-23 10:48:27,694 - opytimizer.spaces.grid — INFO — Overriding class: Space -> GridSpace.
2023-03-23 10:48:27,739 - opytimizer.core.space — DEBUG — Agents: 5120 | Size: (7, 1) | Lower Bound: [0.  0.  0.  0.  0.2 0.  0. ] | Upper Bound: [15.  1.  0.  1.  1.  3.  3.] | Mapping: ['x0', 'x1', 'x2', 'x3', 'x4', 'x5', 'x6'] | Built: True.
2023-03-23 10:48:27,741 - opytimizer.spaces.grid — INFO — Class overrided.
2023-03-23 10:48:27,741 - opytimizer.optimizers.swarm.pso — INFO — Overriding class: Optimizer -> PSO.
2023-03-23 10:48:27,742 - opytimizer.core.optimizer — DEBUG — Algorithm: PSO | Custom Parameters: None | Built: True.
2023-03-23 10:48:27,743 - opytimizer.optimizers.swarm.pso — INFO — Class overrided.
2023-03-23 10:48:27,743 - opytimizer.core.function — INFO — Creating class: Function.
2023-03-23 10:48:27,744 - opytimizer.core.function — DEBUG — Function: cost | Built: True.
2023-03-23 10:48:27,744 - opytimizer.core.function — INFO — Class created.
2023-03-23 10:48:27,744 - opytimizer.opytimizer — INFO — Creating class: Opytimizer.
2023-03-23 10:48:27,745 - opytimizer.opytimizer — DEBUG — Space: <opytimizer.spaces.grid.GridSpace object at 0x000001FF28F1BD00> | Optimizer: <opytimizer.optimizers.swarm.pso.PSO object at 0x000001FF28F1BDF0>| Function: <opytimizer.core.function.Function object at 0x000001FF28F1B340>.
2023-03-23 10:48:27,745 - opytimizer.opytimizer — INFO — Class created.
2023-03-23 10:48:27,745 - opytimizer.opytimizer — INFO — Starting optimization task.
2023-03-23 10:50:10,583 - opytimizer.opytimizer — INFO — Iteration 1/1
2023-03-23 10:51:30,697 - opytimizer.opytimizer — INFO — Fitness: -0.9999998207036256
2023-03-23 10:51:30,697 - opytimizer.opytimizer — INFO — Position: [[2.49741]
 [0.     ]
 [0.     ]
 [0.24957]
 [0.49983]
 [0.     ]
 [0.24957]]
2023-03-23 10:51:30,698 - opytimizer.opytimizer — INFO — Optimization task ended.
2023-03-23 10:51:30,698 - opytimizer.opytimizer — INFO — It took 182.95104908943176 seconds.
2023-03-23 10:56:15,280 - opytimizer.spaces.grid — INFO — Overriding class: Space -> GridSpace.
2023-03-23 10:56:15,327 - opytimizer.core.space — DEBUG — Agents: 5120 | Size: (7, 1) | Lower Bound: [0.  0.  0.  0.  0.2 0.  0. ] | Upper Bound: [15.  1.  0.  1.  1.  3.  3.] | Mapping: ['x0', 'x1', 'x2', 'x3', 'x4', 'x5', 'x6'] | Built: True.
2023-03-23 10:56:15,330 - opytimizer.spaces.grid — INFO — Class overrided.
2023-03-23 10:56:15,330 - opytimizer.optimizers.swarm.pso — INFO — Overriding class: Optimizer -> PSO.
2023-03-23 10:56:15,331 - opytimizer.core.optimizer — DEBUG — Algorithm: PSO | Custom Parameters: None | Built: True.
2023-03-23 10:56:15,332 - opytimizer.optimizers.swarm.pso — INFO — Class overrided.
2023-03-23 10:56:15,332 - opytimizer.core.function — INFO — Creating class: Function.
2023-03-23 10:56:15,333 - opytimizer.core.function — DEBUG — Function: cost | Built: True.
2023-03-23 10:56:15,333 - opytimizer.core.function — INFO — Class created.
2023-03-23 10:56:15,333 - opytimizer.opytimizer — INFO — Creating class: Opytimizer.
2023-03-23 10:56:15,334 - opytimizer.opytimizer — DEBUG — Space: <opytimizer.spaces.grid.GridSpace object at 0x0000024C09A7F160> | Optimizer: <opytimizer.optimizers.swarm.pso.PSO object at 0x0000024C09A7F0A0>| Function: <opytimizer.core.function.Function object at 0x0000024C09A7F1C0>.
2023-03-23 10:56:15,334 - opytimizer.opytimizer — INFO — Class created.
2023-03-23 10:56:15,334 - opytimizer.opytimizer — INFO — Starting optimization task.
2023-03-23 10:57:28,125 - opytimizer.opytimizer — INFO — Iteration 1/1
2023-03-23 10:58:57,938 - opytimizer.opytimizer — INFO — Fitness: -0.9999998207036256
2023-03-23 10:58:57,938 - opytimizer.opytimizer — INFO — Position: [[2.49741]
 [0.     ]
 [0.     ]
 [0.24957]
 [0.49983]
 [0.     ]
 [0.24957]]
2023-03-23 10:58:57,939 - opytimizer.opytimizer — INFO — Optimization task ended.
2023-03-23 10:58:57,939 - opytimizer.opytimizer — INFO — It took 162.6048140525818 seconds.
